<?xml version="1.0" encoding="UTF-8"?>
<!-- Generated by org.testng.reporters.JUnitReportReporter -->
<testsuite hostname="DESKTOP-QARHQMJ" failures="0" tests="1" name="TestScript.BooksPageTestCase" time="20.957" errors="0" timestamp="2024-01-18T23:30:46 IST" skipped="0">
  <testcase classname="TestScript.BooksPageTestCase" name="Books" time="20.957">
    <system-out>
      <![CDATA[Fahrenheit 451 by Ray Bradbury
First Prize Pies
Pride and Prejudice]]>
    </system-out>
  </testcase> <!-- Books -->
  <system-out>
    <![CDATA[Fahrenheit 451 by Ray Bradbury
First Prize Pies
Pride and Prejudice]]>
  </system-out>
</testsuite> <!-- TestScript.BooksPageTestCase -->
