<?xml version="1.0" encoding="UTF-8"?>
<!-- Generated by org.testng.reporters.JUnitReportReporter -->
<testsuite hostname="DESKTOP-QARHQMJ" failures="0" tests="1" name="TestScript.RegisterTestCase2" time="10.052" errors="0" timestamp="2024-01-15T20:55:39 IST" skipped="0">
  <testcase classname="TestScript.RegisterTestCase2" name="Register" time="10.052">
    <system-out>
      <![CDATA[Register page is displayed
Your registration completed
Register TestCase Pass...]]>
    </system-out>
  </testcase> <!-- Register -->
  <system-out>
    <![CDATA[Register page is displayed
Your registration completed
Register TestCase Pass...]]>
  </system-out>
</testsuite> <!-- TestScript.RegisterTestCase2 -->
