<?xml version="1.0" encoding="UTF-8"?>
<!-- Generated by org.testng.reporters.JUnitReportReporter -->
<testsuite hostname="DESKTOP-QARHQMJ" failures="0" tests="1" name="TestScript.WishListTestcase" time="14.357" errors="0" timestamp="2024-01-19T00:02:52 IST" skipped="0">
  <testcase classname="TestScript.WishListTestcase" name="wishlist" time="14.357">
    <system-out>
      <![CDATA[First Prize Pies
Product is present
The wishlist is empty!
Test case is pass
Passed, wishlist is empty]]>
    </system-out>
  </testcase> <!-- wishlist -->
  <system-out>
    <![CDATA[First Prize Pies
Product is present
The wishlist is empty!
Test case is pass
Passed, wishlist is empty]]>
  </system-out>
</testsuite> <!-- TestScript.WishListTestcase -->
